24-04-30.22:27:51.703 [main            ] INFO  RaffleStrategyTest     - Starting RaffleStrategyTest using Java 1.8.0_391 on LAPTOP-78N42JA7 with PID 15288 (started by 12640 in D:\java\ideaproject\big-market-orm\big-market-app)
24-04-30.22:27:51.704 [main            ] INFO  RaffleStrategyTest     - The following 1 profile is active: "dev"
24-04-30.22:27:52.369 [main            ] INFO  RepositoryConfigurationDelegate - Multiple Spring Data modules found, entering strict repository configuration mode
24-04-30.22:27:52.371 [main            ] INFO  RepositoryConfigurationDelegate - Bootstrapping Spring Data Redis repositories in DEFAULT mode.
24-04-30.22:27:52.395 [main            ] INFO  RepositoryConfigurationDelegate - Finished Spring Data repository scanning in 14 ms. Found 0 Redis repository interfaces.
24-04-30.22:27:53.949 [main            ] INFO  Version                - Redisson 3.23.4
24-04-30.22:27:54.684 [redisson-netty-2-4] INFO  MasterPubSubConnectionPool - 1 connections initialized for 127.0.0.1/127.0.0.1:16379
24-04-30.22:27:54.707 [redisson-netty-2-13] INFO  MasterConnectionPool   - 5 connections initialized for 127.0.0.1/127.0.0.1:16379
24-04-30.22:27:56.051 [main            ] INFO  EndpointLinksResolver  - Exposing 1 endpoint(s) beneath base path '/actuator'
24-04-30.22:27:56.093 [main            ] INFO  RaffleStrategyTest     - Started RaffleStrategyTest in 4.72 seconds (JVM running for 5.525)
24-04-30.22:27:56.315 [main            ] INFO  HikariDataSource       - HikariPool-1 - Starting...
24-04-30.22:27:57.367 [main            ] INFO  HikariDataSource       - HikariPool-1 - Start completed.
24-04-30.22:27:57.541 [main            ] INFO  RaffleStrategyTest     - 测试结果：true
24-04-30.22:27:57.556 [main            ] INFO  DefaultLogicChain      - 抽奖责任链-默认处理 userId: xiaofuge strategyId: 100006 ruleModel: rule_default awardId: 107
24-04-30.22:27:57.556 [main            ] INFO  AbstractRaffleStrategy - 抽奖策略计算-责任链 xiaofuge 100006 107 rule_default
24-04-30.22:27:57.593 [main            ] INFO  RuleLockLogicTreeNode  - 规则过滤-次数锁 userId:xiaofuge strategyId:100006 awardId:107
24-04-30.22:27:57.594 [main            ] INFO  DecisionTreeEngine     - 决策树引擎【规则树】treeId:tree_lock_1 node:rule_lock code:0000
24-04-30.22:27:57.595 [main            ] INFO  RuleStockLogicTreeNode - 规则过滤-库存扣减 userId:xiaofuge strategyId:100006 awardId:107
24-04-30.22:27:57.598 [main            ] INFO  RuleStockLogicTreeNode - 规则过滤-库存扣减-成功 userId:xiaofuge strategyId:100006 awardId:107
24-04-30.22:27:57.635 [main            ] INFO  DecisionTreeEngine     - 决策树引擎【规则树】treeId:tree_lock_1 node:rule_stock code:0001
24-04-30.22:27:57.635 [main            ] INFO  AbstractRaffleStrategy - 抽奖策略计算-规则树 xiaofuge 100006 107 
24-04-30.22:27:57.775 [main            ] INFO  RaffleStrategyTest     - 请求参数：{"strategyId":100006,"userId":"xiaofuge"}
24-04-30.22:27:57.777 [main            ] INFO  RaffleStrategyTest     - 测试结果：{"awardConfig":"","awardId":107,"sort":7}
24-04-30.22:27:57.783 [main            ] INFO  DefaultLogicChain      - 抽奖责任链-默认处理 userId: xiaofuge strategyId: 100006 ruleModel: rule_default awardId: 101
24-04-30.22:27:57.783 [main            ] INFO  AbstractRaffleStrategy - 抽奖策略计算-责任链 xiaofuge 100006 101 rule_default
24-04-30.22:27:57.795 [main            ] INFO  RuleStockLogicTreeNode - 规则过滤-库存扣减 userId:xiaofuge strategyId:100006 awardId:101
24-04-30.22:27:57.797 [main            ] INFO  RuleStockLogicTreeNode - 规则过滤-库存扣减-成功 userId:xiaofuge strategyId:100006 awardId:101
24-04-30.22:27:57.799 [main            ] INFO  DecisionTreeEngine     - 决策树引擎【规则树-兜底奖励】treeId:tree_luck_award node:rule_stock code:0001
24-04-30.22:27:57.799 [main            ] INFO  AbstractRaffleStrategy - 抽奖策略计算-规则树 xiaofuge 100006 101 
24-04-30.22:27:57.804 [main            ] INFO  RaffleStrategyTest     - 请求参数：{"strategyId":100006,"userId":"xiaofuge"}
24-04-30.22:27:57.804 [main            ] INFO  RaffleStrategyTest     - 测试结果：{"awardConfig":"","awardId":101,"sort":1}
24-04-30.22:27:57.808 [main            ] INFO  DefaultLogicChain      - 抽奖责任链-默认处理 userId: xiaofuge strategyId: 100006 ruleModel: rule_default awardId: 101
24-04-30.22:27:57.808 [main            ] INFO  AbstractRaffleStrategy - 抽奖策略计算-责任链 xiaofuge 100006 101 rule_default
24-04-30.22:27:57.813 [main            ] INFO  RuleStockLogicTreeNode - 规则过滤-库存扣减 userId:xiaofuge strategyId:100006 awardId:101
24-04-30.22:27:57.815 [main            ] INFO  RuleStockLogicTreeNode - 规则过滤-库存扣减-成功 userId:xiaofuge strategyId:100006 awardId:101
24-04-30.22:27:57.817 [main            ] INFO  DecisionTreeEngine     - 决策树引擎【规则树-兜底奖励】treeId:tree_luck_award node:rule_stock code:0001
24-04-30.22:27:57.817 [main            ] INFO  AbstractRaffleStrategy - 抽奖策略计算-规则树 xiaofuge 100006 101 
24-04-30.22:27:57.818 [main            ] INFO  RaffleStrategyTest     - 请求参数：{"strategyId":100006,"userId":"xiaofuge"}
24-04-30.22:27:57.819 [main            ] INFO  RaffleStrategyTest     - 测试结果：{"awardConfig":"","awardId":101,"sort":1}
24-04-30.22:28:00.007 [scheduling-1    ] INFO  UpdateAwardStockJob    - 定时任务，更新奖品消耗库存【延迟队列获取，降低对数据库的更新频次，不要产生竞争】
24-04-30.22:28:05.008 [scheduling-1    ] INFO  UpdateAwardStockJob    - 定时任务，更新奖品消耗库存【延迟队列获取，降低对数据库的更新频次，不要产生竞争】
24-04-30.22:28:05.010 [scheduling-1    ] INFO  UpdateAwardStockJob    - 定时任务，更新奖品消耗库存 strategyId:100006 awardId:101
24-04-30.22:28:10.014 [scheduling-1    ] INFO  UpdateAwardStockJob    - 定时任务，更新奖品消耗库存【延迟队列获取，降低对数据库的更新频次，不要产生竞争】
24-04-30.22:28:15.001 [scheduling-1    ] INFO  UpdateAwardStockJob    - 定时任务，更新奖品消耗库存【延迟队列获取，降低对数据库的更新频次，不要产生竞争】
24-04-30.22:28:20.012 [scheduling-1    ] INFO  UpdateAwardStockJob    - 定时任务，更新奖品消耗库存【延迟队列获取，降低对数据库的更新频次，不要产生竞争】
24-04-30.22:28:25.001 [scheduling-1    ] INFO  UpdateAwardStockJob    - 定时任务，更新奖品消耗库存【延迟队列获取，降低对数据库的更新频次，不要产生竞争】
24-04-30.22:28:30.007 [scheduling-1    ] INFO  UpdateAwardStockJob    - 定时任务，更新奖品消耗库存【延迟队列获取，降低对数据库的更新频次，不要产生竞争】
24-04-30.22:28:35.014 [scheduling-1    ] INFO  UpdateAwardStockJob    - 定时任务，更新奖品消耗库存【延迟队列获取，降低对数据库的更新频次，不要产生竞争】
24-04-30.22:28:40.010 [scheduling-1    ] INFO  UpdateAwardStockJob    - 定时任务，更新奖品消耗库存【延迟队列获取，降低对数据库的更新频次，不要产生竞争】
24-04-30.22:28:42.722 [SpringApplicationShutdownHook] INFO  HikariDataSource       - HikariPool-1 - Shutdown initiated...
24-04-30.22:28:42.735 [SpringApplicationShutdownHook] INFO  HikariDataSource       - HikariPool-1 - Shutdown completed.
24-04-30.22:31:48.204 [main            ] INFO  StrategyArmoryTest     - Starting StrategyArmoryTest using Java 1.8.0_391 on LAPTOP-78N42JA7 with PID 24096 (started by 12640 in D:\java\ideaproject\big-market-orm\big-market-app)
24-04-30.22:31:48.205 [main            ] INFO  StrategyArmoryTest     - The following 1 profile is active: "dev"
24-04-30.22:31:48.859 [main            ] INFO  RepositoryConfigurationDelegate - Multiple Spring Data modules found, entering strict repository configuration mode
24-04-30.22:31:48.861 [main            ] INFO  RepositoryConfigurationDelegate - Bootstrapping Spring Data Redis repositories in DEFAULT mode.
24-04-30.22:31:48.886 [main            ] INFO  RepositoryConfigurationDelegate - Finished Spring Data repository scanning in 15 ms. Found 0 Redis repository interfaces.
24-04-30.22:31:50.275 [main            ] INFO  Version                - Redisson 3.23.4
24-04-30.22:31:50.959 [redisson-netty-2-4] INFO  MasterPubSubConnectionPool - 1 connections initialized for 127.0.0.1/127.0.0.1:16379
24-04-30.22:31:50.985 [redisson-netty-2-13] INFO  MasterConnectionPool   - 5 connections initialized for 127.0.0.1/127.0.0.1:16379
24-04-30.22:31:52.090 [main            ] INFO  EndpointLinksResolver  - Exposing 1 endpoint(s) beneath base path '/actuator'
24-04-30.22:31:52.245 [main            ] INFO  StrategyArmoryTest     - Started StrategyArmoryTest in 4.368 seconds (JVM running for 5.076)
24-04-30.22:31:52.433 [main            ] INFO  HikariDataSource       - HikariPool-1 - Starting...
24-04-30.22:31:53.236 [main            ] INFO  HikariDataSource       - HikariPool-1 - Start completed.
24-04-30.22:31:53.375 [main            ] INFO  StrategyArmoryTest     - 测试结果：true
24-04-30.22:31:53.381 [main            ] INFO  StrategyArmoryTest     - 测试结果：105 - 奖品ID值
24-04-30.22:31:53.424 [SpringApplicationShutdownHook] INFO  HikariDataSource       - HikariPool-1 - Shutdown initiated...
24-04-30.22:31:53.627 [SpringApplicationShutdownHook] INFO  HikariDataSource       - HikariPool-1 - Shutdown completed.
24-04-30.22:32:22.440 [main            ] INFO  StrategyArmoryTest     - Starting StrategyArmoryTest using Java 1.8.0_391 on LAPTOP-78N42JA7 with PID 37868 (started by 12640 in D:\java\ideaproject\big-market-orm\big-market-app)
24-04-30.22:32:22.440 [main            ] INFO  StrategyArmoryTest     - The following 1 profile is active: "dev"
24-04-30.22:32:23.046 [main            ] INFO  RepositoryConfigurationDelegate - Multiple Spring Data modules found, entering strict repository configuration mode
24-04-30.22:32:23.048 [main            ] INFO  RepositoryConfigurationDelegate - Bootstrapping Spring Data Redis repositories in DEFAULT mode.
24-04-30.22:32:23.074 [main            ] INFO  RepositoryConfigurationDelegate - Finished Spring Data repository scanning in 17 ms. Found 0 Redis repository interfaces.
24-04-30.22:32:24.454 [main            ] INFO  Version                - Redisson 3.23.4
24-04-30.22:32:25.153 [redisson-netty-2-4] INFO  MasterPubSubConnectionPool - 1 connections initialized for 127.0.0.1/127.0.0.1:16379
24-04-30.22:32:25.166 [redisson-netty-2-13] INFO  MasterConnectionPool   - 5 connections initialized for 127.0.0.1/127.0.0.1:16379
24-04-30.22:32:26.343 [main            ] INFO  EndpointLinksResolver  - Exposing 1 endpoint(s) beneath base path '/actuator'
24-04-30.22:32:26.383 [main            ] INFO  StrategyArmoryTest     - Started StrategyArmoryTest in 4.255 seconds (JVM running for 4.959)
24-04-30.22:32:26.560 [main            ] INFO  HikariDataSource       - HikariPool-1 - Starting...
24-04-30.22:32:27.342 [main            ] INFO  HikariDataSource       - HikariPool-1 - Start completed.
24-04-30.22:32:27.470 [SpringApplicationShutdownHook] INFO  HikariDataSource       - HikariPool-1 - Shutdown initiated...
24-04-30.22:32:27.733 [SpringApplicationShutdownHook] INFO  HikariDataSource       - HikariPool-1 - Shutdown completed.
24-04-30.22:37:00.770 [main            ] INFO  StrategyArmoryTest     - Starting StrategyArmoryTest using Java 1.8.0_391 on LAPTOP-78N42JA7 with PID 25328 (started by 12640 in D:\java\ideaproject\big-market-orm\big-market-app)
24-04-30.22:37:00.771 [main            ] INFO  StrategyArmoryTest     - The following 1 profile is active: "dev"
24-04-30.22:37:01.472 [main            ] INFO  RepositoryConfigurationDelegate - Multiple Spring Data modules found, entering strict repository configuration mode
24-04-30.22:37:01.474 [main            ] INFO  RepositoryConfigurationDelegate - Bootstrapping Spring Data Redis repositories in DEFAULT mode.
24-04-30.22:37:01.502 [main            ] INFO  RepositoryConfigurationDelegate - Finished Spring Data repository scanning in 17 ms. Found 0 Redis repository interfaces.
24-04-30.22:37:03.023 [main            ] INFO  Version                - Redisson 3.23.4
24-04-30.22:37:03.782 [redisson-netty-2-4] INFO  MasterPubSubConnectionPool - 1 connections initialized for 127.0.0.1/127.0.0.1:16379
24-04-30.22:37:03.799 [redisson-netty-2-13] INFO  MasterConnectionPool   - 5 connections initialized for 127.0.0.1/127.0.0.1:16379
24-04-30.22:37:05.287 [main            ] INFO  EndpointLinksResolver  - Exposing 1 endpoint(s) beneath base path '/actuator'
24-04-30.22:37:05.350 [main            ] INFO  StrategyArmoryTest     - Started StrategyArmoryTest in 4.947 seconds (JVM running for 6.066)
24-04-30.22:37:12.856 [scheduling-1    ] INFO  UpdateAwardStockJob    - 定时任务，更新奖品消耗库存【延迟队列获取，降低对数据库的更新频次，不要产生竞争】
24-04-30.22:37:37.583 [scheduling-1    ] INFO  UpdateAwardStockJob    - 定时任务，更新奖品消耗库存【延迟队列获取，降低对数据库的更新频次，不要产生竞争】
24-04-30.22:37:38.095 [redisson-netty-2-10] ERROR CommandDecoder         - Unable to decode data. channel: [id: 0x6e04e947, L:/127.0.0.1:59319 - R:127.0.0.1/127.0.0.1:16379], reply: ReplayingDecoderByteBuf(ridx=9, widx=9), command: (GET), promise: java.util.concurrent.CompletableFuture@9b9a69e[Not completed, 1 dependents], params: [strategy_award_count_key_100003_107]
com.esotericsoftware.kryo.KryoException: Encountered unregistered class ID: 48
	at com.esotericsoftware.kryo.util.DefaultClassResolver.readClass(DefaultClassResolver.java:159)
	at com.esotericsoftware.kryo.Kryo.readClass(Kryo.java:758)
	at com.esotericsoftware.kryo.Kryo.readClassAndObject(Kryo.java:869)
	at org.redisson.codec.Kryo5Codec$4.decode(Kryo5Codec.java:144)
	at org.redisson.client.handler.CommandDecoder.decode(CommandDecoder.java:394)
	at org.redisson.client.handler.CommandDecoder.decodeCommand(CommandDecoder.java:205)
	at org.redisson.client.handler.CommandDecoder.decode(CommandDecoder.java:144)
	at org.redisson.client.handler.CommandDecoder.decode(CommandDecoder.java:120)
	at io.netty.handler.codec.ByteToMessageDecoder.decodeRemovalReentryProtection(ByteToMessageDecoder.java:529)
	at io.netty.handler.codec.ReplayingDecoder.callDecode(ReplayingDecoder.java:366)
	at io.netty.handler.codec.ByteToMessageDecoder.channelRead(ByteToMessageDecoder.java:290)
	at io.netty.channel.AbstractChannelHandlerContext.invokeChannelRead(AbstractChannelHandlerContext.java:444)
	at io.netty.channel.AbstractChannelHandlerContext.invokeChannelRead(AbstractChannelHandlerContext.java:420)
	at io.netty.channel.AbstractChannelHandlerContext.fireChannelRead(AbstractChannelHandlerContext.java:412)
	at io.netty.channel.DefaultChannelPipeline$HeadContext.channelRead(DefaultChannelPipeline.java:1410)
	at io.netty.channel.AbstractChannelHandlerContext.invokeChannelRead(AbstractChannelHandlerContext.java:440)
	at io.netty.channel.AbstractChannelHandlerContext.invokeChannelRead(AbstractChannelHandlerContext.java:420)
	at io.netty.channel.DefaultChannelPipeline.fireChannelRead(DefaultChannelPipeline.java:919)
	at io.netty.channel.nio.AbstractNioByteChannel$NioByteUnsafe.read(AbstractNioByteChannel.java:166)
	at io.netty.channel.nio.NioEventLoop.processSelectedKey(NioEventLoop.java:788)
	at io.netty.channel.nio.NioEventLoop.processSelectedKeysOptimized(NioEventLoop.java:724)
	at io.netty.channel.nio.NioEventLoop.processSelectedKeys(NioEventLoop.java:650)
	at io.netty.channel.nio.NioEventLoop.run(NioEventLoop.java:562)
	at io.netty.util.concurrent.SingleThreadEventExecutor$4.run(SingleThreadEventExecutor.java:997)
	at io.netty.util.internal.ThreadExecutorMap$2.run(ThreadExecutorMap.java:74)
	at io.netty.util.concurrent.FastThreadLocalRunnable.run(FastThreadLocalRunnable.java:30)
	at java.lang.Thread.run(Thread.java:750)
24-04-30.22:37:38.100 [redisson-netty-2-10] ERROR ErrorsLoggingHandler   - Exception occured. Channel: [id: 0x6e04e947, L:/127.0.0.1:59319 - R:127.0.0.1/127.0.0.1:16379]
io.netty.handler.codec.DecoderException: com.esotericsoftware.kryo.KryoException: Encountered unregistered class ID: 48
	at io.netty.handler.codec.ReplayingDecoder.callDecode(ReplayingDecoder.java:421)
	at io.netty.handler.codec.ByteToMessageDecoder.channelRead(ByteToMessageDecoder.java:290)
	at io.netty.channel.AbstractChannelHandlerContext.invokeChannelRead(AbstractChannelHandlerContext.java:444)
	at io.netty.channel.AbstractChannelHandlerContext.invokeChannelRead(AbstractChannelHandlerContext.java:420)
	at io.netty.channel.AbstractChannelHandlerContext.fireChannelRead(AbstractChannelHandlerContext.java:412)
	at io.netty.channel.DefaultChannelPipeline$HeadContext.channelRead(DefaultChannelPipeline.java:1410)
	at io.netty.channel.AbstractChannelHandlerContext.invokeChannelRead(AbstractChannelHandlerContext.java:440)
	at io.netty.channel.AbstractChannelHandlerContext.invokeChannelRead(AbstractChannelHandlerContext.java:420)
	at io.netty.channel.DefaultChannelPipeline.fireChannelRead(DefaultChannelPipeline.java:919)
	at io.netty.channel.nio.AbstractNioByteChannel$NioByteUnsafe.read(AbstractNioByteChannel.java:166)
	at io.netty.channel.nio.NioEventLoop.processSelectedKey(NioEventLoop.java:788)
	at io.netty.channel.nio.NioEventLoop.processSelectedKeysOptimized(NioEventLoop.java:724)
	at io.netty.channel.nio.NioEventLoop.processSelectedKeys(NioEventLoop.java:650)
	at io.netty.channel.nio.NioEventLoop.run(NioEventLoop.java:562)
	at io.netty.util.concurrent.SingleThreadEventExecutor$4.run(SingleThreadEventExecutor.java:997)
	at io.netty.util.internal.ThreadExecutorMap$2.run(ThreadExecutorMap.java:74)
	at io.netty.util.concurrent.FastThreadLocalRunnable.run(FastThreadLocalRunnable.java:30)
	at java.lang.Thread.run(Thread.java:750)
Caused by: com.esotericsoftware.kryo.KryoException: Encountered unregistered class ID: 48
	at com.esotericsoftware.kryo.util.DefaultClassResolver.readClass(DefaultClassResolver.java:159)
	at com.esotericsoftware.kryo.Kryo.readClass(Kryo.java:758)
	at com.esotericsoftware.kryo.Kryo.readClassAndObject(Kryo.java:869)
	at org.redisson.codec.Kryo5Codec$4.decode(Kryo5Codec.java:144)
	at org.redisson.client.handler.CommandDecoder.decode(CommandDecoder.java:394)
	at org.redisson.client.handler.CommandDecoder.decodeCommand(CommandDecoder.java:205)
	at org.redisson.client.handler.CommandDecoder.decode(CommandDecoder.java:144)
	at org.redisson.client.handler.CommandDecoder.decode(CommandDecoder.java:120)
	at io.netty.handler.codec.ByteToMessageDecoder.decodeRemovalReentryProtection(ByteToMessageDecoder.java:529)
	at io.netty.handler.codec.ReplayingDecoder.callDecode(ReplayingDecoder.java:366)
	... 17 common frames omitted
24-04-30.22:39:28.706 [scheduling-1    ] INFO  UpdateAwardStockJob    - 定时任务，更新奖品消耗库存【延迟队列获取，降低对数据库的更新频次，不要产生竞争】
24-04-30.22:39:32.139 [main            ] INFO  StrategyArmoryTest     - Starting StrategyArmoryTest using Java 1.8.0_391 on LAPTOP-78N42JA7 with PID 14680 (started by 12640 in D:\java\ideaproject\big-market-orm\big-market-app)
24-04-30.22:39:32.140 [main            ] INFO  StrategyArmoryTest     - The following 1 profile is active: "dev"
24-04-30.22:39:32.875 [main            ] INFO  RepositoryConfigurationDelegate - Multiple Spring Data modules found, entering strict repository configuration mode
24-04-30.22:39:32.878 [main            ] INFO  RepositoryConfigurationDelegate - Bootstrapping Spring Data Redis repositories in DEFAULT mode.
24-04-30.22:39:32.905 [main            ] INFO  RepositoryConfigurationDelegate - Finished Spring Data repository scanning in 17 ms. Found 0 Redis repository interfaces.
24-04-30.22:39:34.535 [main            ] INFO  Version                - Redisson 3.23.4
24-04-30.22:39:35.296 [redisson-netty-2-7] INFO  MasterPubSubConnectionPool - 1 connections initialized for 127.0.0.1/127.0.0.1:16379
24-04-30.22:39:35.312 [redisson-netty-2-13] INFO  MasterConnectionPool   - 5 connections initialized for 127.0.0.1/127.0.0.1:16379
24-04-30.22:39:36.723 [main            ] INFO  EndpointLinksResolver  - Exposing 1 endpoint(s) beneath base path '/actuator'
24-04-30.22:39:36.773 [main            ] INFO  StrategyArmoryTest     - Started StrategyArmoryTest in 5.0 seconds (JVM running for 5.895)
24-04-30.22:40:05.932 [scheduling-1    ] INFO  UpdateAwardStockJob    - 定时任务，更新奖品消耗库存【延迟队列获取，降低对数据库的更新频次，不要产生竞争】
24-04-30.22:40:25.780 [scheduling-1    ] INFO  UpdateAwardStockJob    - 定时任务，更新奖品消耗库存【延迟队列获取，降低对数据库的更新频次，不要产生竞争】
24-04-30.22:40:54.708 [scheduling-1    ] INFO  UpdateAwardStockJob    - 定时任务，更新奖品消耗库存【延迟队列获取，降低对数据库的更新频次，不要产生竞争】
24-04-30.22:40:54.716 [redisson-netty-2-10] ERROR CommandDecoder         - Unable to decode data. channel: [id: 0xec478d3b, L:/127.0.0.1:59724 - R:127.0.0.1/127.0.0.1:16379], reply: ReplayingDecoderByteBuf(ridx=9, widx=9), command: (GET), promise: java.util.concurrent.CompletableFuture@7817894e[Not completed, 1 dependents], params: [strategy_award_count_key_100003_107]
com.esotericsoftware.kryo.KryoException: Encountered unregistered class ID: 48
	at com.esotericsoftware.kryo.util.DefaultClassResolver.readClass(DefaultClassResolver.java:159)
	at com.esotericsoftware.kryo.Kryo.readClass(Kryo.java:758)
	at com.esotericsoftware.kryo.Kryo.readClassAndObject(Kryo.java:869)
	at org.redisson.codec.Kryo5Codec$4.decode(Kryo5Codec.java:144)
	at org.redisson.client.handler.CommandDecoder.decode(CommandDecoder.java:394)
	at org.redisson.client.handler.CommandDecoder.decodeCommand(CommandDecoder.java:205)
	at org.redisson.client.handler.CommandDecoder.decode(CommandDecoder.java:144)
	at org.redisson.client.handler.CommandDecoder.decode(CommandDecoder.java:120)
	at io.netty.handler.codec.ByteToMessageDecoder.decodeRemovalReentryProtection(ByteToMessageDecoder.java:529)
	at io.netty.handler.codec.ReplayingDecoder.callDecode(ReplayingDecoder.java:366)
	at io.netty.handler.codec.ByteToMessageDecoder.channelRead(ByteToMessageDecoder.java:290)
	at io.netty.channel.AbstractChannelHandlerContext.invokeChannelRead(AbstractChannelHandlerContext.java:444)
	at io.netty.channel.AbstractChannelHandlerContext.invokeChannelRead(AbstractChannelHandlerContext.java:420)
	at io.netty.channel.AbstractChannelHandlerContext.fireChannelRead(AbstractChannelHandlerContext.java:412)
	at io.netty.channel.DefaultChannelPipeline$HeadContext.channelRead(DefaultChannelPipeline.java:1410)
	at io.netty.channel.AbstractChannelHandlerContext.invokeChannelRead(AbstractChannelHandlerContext.java:440)
	at io.netty.channel.AbstractChannelHandlerContext.invokeChannelRead(AbstractChannelHandlerContext.java:420)
	at io.netty.channel.DefaultChannelPipeline.fireChannelRead(DefaultChannelPipeline.java:919)
	at io.netty.channel.nio.AbstractNioByteChannel$NioByteUnsafe.read(AbstractNioByteChannel.java:166)
	at io.netty.channel.nio.NioEventLoop.processSelectedKey(NioEventLoop.java:788)
	at io.netty.channel.nio.NioEventLoop.processSelectedKeysOptimized(NioEventLoop.java:724)
	at io.netty.channel.nio.NioEventLoop.processSelectedKeys(NioEventLoop.java:650)
	at io.netty.channel.nio.NioEventLoop.run(NioEventLoop.java:562)
	at io.netty.util.concurrent.SingleThreadEventExecutor$4.run(SingleThreadEventExecutor.java:997)
	at io.netty.util.internal.ThreadExecutorMap$2.run(ThreadExecutorMap.java:74)
	at io.netty.util.concurrent.FastThreadLocalRunnable.run(FastThreadLocalRunnable.java:30)
	at java.lang.Thread.run(Thread.java:750)
24-04-30.22:40:54.721 [redisson-netty-2-10] ERROR ErrorsLoggingHandler   - Exception occured. Channel: [id: 0xec478d3b, L:/127.0.0.1:59724 - R:127.0.0.1/127.0.0.1:16379]
io.netty.handler.codec.DecoderException: com.esotericsoftware.kryo.KryoException: Encountered unregistered class ID: 48
	at io.netty.handler.codec.ReplayingDecoder.callDecode(ReplayingDecoder.java:421)
	at io.netty.handler.codec.ByteToMessageDecoder.channelRead(ByteToMessageDecoder.java:290)
	at io.netty.channel.AbstractChannelHandlerContext.invokeChannelRead(AbstractChannelHandlerContext.java:444)
	at io.netty.channel.AbstractChannelHandlerContext.invokeChannelRead(AbstractChannelHandlerContext.java:420)
	at io.netty.channel.AbstractChannelHandlerContext.fireChannelRead(AbstractChannelHandlerContext.java:412)
	at io.netty.channel.DefaultChannelPipeline$HeadContext.channelRead(DefaultChannelPipeline.java:1410)
	at io.netty.channel.AbstractChannelHandlerContext.invokeChannelRead(AbstractChannelHandlerContext.java:440)
	at io.netty.channel.AbstractChannelHandlerContext.invokeChannelRead(AbstractChannelHandlerContext.java:420)
	at io.netty.channel.DefaultChannelPipeline.fireChannelRead(DefaultChannelPipeline.java:919)
	at io.netty.channel.nio.AbstractNioByteChannel$NioByteUnsafe.read(AbstractNioByteChannel.java:166)
	at io.netty.channel.nio.NioEventLoop.processSelectedKey(NioEventLoop.java:788)
	at io.netty.channel.nio.NioEventLoop.processSelectedKeysOptimized(NioEventLoop.java:724)
	at io.netty.channel.nio.NioEventLoop.processSelectedKeys(NioEventLoop.java:650)
	at io.netty.channel.nio.NioEventLoop.run(NioEventLoop.java:562)
	at io.netty.util.concurrent.SingleThreadEventExecutor$4.run(SingleThreadEventExecutor.java:997)
	at io.netty.util.internal.ThreadExecutorMap$2.run(ThreadExecutorMap.java:74)
	at io.netty.util.concurrent.FastThreadLocalRunnable.run(FastThreadLocalRunnable.java:30)
	at java.lang.Thread.run(Thread.java:750)
Caused by: com.esotericsoftware.kryo.KryoException: Encountered unregistered class ID: 48
	at com.esotericsoftware.kryo.util.DefaultClassResolver.readClass(DefaultClassResolver.java:159)
	at com.esotericsoftware.kryo.Kryo.readClass(Kryo.java:758)
	at com.esotericsoftware.kryo.Kryo.readClassAndObject(Kryo.java:869)
	at org.redisson.codec.Kryo5Codec$4.decode(Kryo5Codec.java:144)
	at org.redisson.client.handler.CommandDecoder.decode(CommandDecoder.java:394)
	at org.redisson.client.handler.CommandDecoder.decodeCommand(CommandDecoder.java:205)
	at org.redisson.client.handler.CommandDecoder.decode(CommandDecoder.java:144)
	at org.redisson.client.handler.CommandDecoder.decode(CommandDecoder.java:120)
	at io.netty.handler.codec.ByteToMessageDecoder.decodeRemovalReentryProtection(ByteToMessageDecoder.java:529)
	at io.netty.handler.codec.ReplayingDecoder.callDecode(ReplayingDecoder.java:366)
	... 17 common frames omitted
24-04-30.22:41:09.473 [scheduling-1    ] INFO  UpdateAwardStockJob    - 定时任务，更新奖品消耗库存【延迟队列获取，降低对数据库的更新频次，不要产生竞争】
24-04-30.22:54:02.931 [redisson-timer-4-1] ERROR PingConnectionHandler  - Unable to send PING command over channel: [id: 0x489293dd, L:/127.0.0.1:59723 - R:127.0.0.1/127.0.0.1:16379]
org.redisson.client.RedisTimeoutException: Command execution timeout for command: (PING), params: [], Redis client: [addr=redis://127.0.0.1:16379]
	at org.redisson.client.RedisConnection.lambda$async$0(RedisConnection.java:256)
	at io.netty.util.HashedWheelTimer$HashedWheelTimeout.run(HashedWheelTimer.java:715)
	at io.netty.util.concurrent.ImmediateExecutor.execute(ImmediateExecutor.java:34)
	at io.netty.util.HashedWheelTimer$HashedWheelTimeout.expire(HashedWheelTimer.java:703)
	at io.netty.util.HashedWheelTimer$HashedWheelBucket.expireTimeouts(HashedWheelTimer.java:790)
	at io.netty.util.HashedWheelTimer$Worker.run(HashedWheelTimer.java:503)
	at io.netty.util.concurrent.FastThreadLocalRunnable.run(FastThreadLocalRunnable.java:30)
	at java.lang.Thread.run(Thread.java:750)
24-04-30.22:54:09.467 [main            ] INFO  StrategyArmoryTest     - Starting StrategyArmoryTest using Java 1.8.0_391 on LAPTOP-78N42JA7 with PID 31568 (started by 12640 in D:\java\ideaproject\big-market-orm\big-market-app)
24-04-30.22:54:09.468 [main            ] INFO  StrategyArmoryTest     - The following 1 profile is active: "dev"
24-04-30.22:54:10.100 [main            ] INFO  RepositoryConfigurationDelegate - Multiple Spring Data modules found, entering strict repository configuration mode
24-04-30.22:54:10.102 [main            ] INFO  RepositoryConfigurationDelegate - Bootstrapping Spring Data Redis repositories in DEFAULT mode.
24-04-30.22:54:10.127 [main            ] INFO  RepositoryConfigurationDelegate - Finished Spring Data repository scanning in 15 ms. Found 0 Redis repository interfaces.
24-04-30.22:54:11.492 [main            ] INFO  Version                - Redisson 3.23.4
24-04-30.22:54:12.202 [redisson-netty-2-4] INFO  MasterPubSubConnectionPool - 1 connections initialized for 127.0.0.1/127.0.0.1:16379
24-04-30.22:54:12.224 [redisson-netty-2-13] INFO  MasterConnectionPool   - 5 connections initialized for 127.0.0.1/127.0.0.1:16379
24-04-30.22:54:13.327 [main            ] INFO  EndpointLinksResolver  - Exposing 1 endpoint(s) beneath base path '/actuator'
24-04-30.22:54:13.458 [main            ] INFO  StrategyArmoryTest     - Started StrategyArmoryTest in 4.298 seconds (JVM running for 4.966)
24-04-30.22:54:13.699 [main            ] INFO  StrategyArmoryTest     - 测试结果：true
24-04-30.22:54:13.704 [main            ] INFO  StrategyArmoryTest     - 测试结果：108 - 奖品ID值
24-04-30.22:54:26.532 [main            ] INFO  StrategyArmoryTest     - Starting StrategyArmoryTest using Java 1.8.0_391 on LAPTOP-78N42JA7 with PID 36556 (started by 12640 in D:\java\ideaproject\big-market-orm\big-market-app)
24-04-30.22:54:26.533 [main            ] INFO  StrategyArmoryTest     - The following 1 profile is active: "dev"
24-04-30.22:54:27.150 [main            ] INFO  RepositoryConfigurationDelegate - Multiple Spring Data modules found, entering strict repository configuration mode
24-04-30.22:54:27.153 [main            ] INFO  RepositoryConfigurationDelegate - Bootstrapping Spring Data Redis repositories in DEFAULT mode.
24-04-30.22:54:27.179 [main            ] INFO  RepositoryConfigurationDelegate - Finished Spring Data repository scanning in 14 ms. Found 0 Redis repository interfaces.
24-04-30.22:54:28.563 [main            ] INFO  Version                - Redisson 3.23.4
24-04-30.22:54:29.233 [redisson-netty-2-4] INFO  MasterPubSubConnectionPool - 1 connections initialized for 127.0.0.1/127.0.0.1:16379
24-04-30.22:54:29.251 [redisson-netty-2-13] INFO  MasterConnectionPool   - 5 connections initialized for 127.0.0.1/127.0.0.1:16379
24-04-30.22:54:30.356 [main            ] INFO  EndpointLinksResolver  - Exposing 1 endpoint(s) beneath base path '/actuator'
24-04-30.22:54:30.491 [main            ] INFO  StrategyArmoryTest     - Started StrategyArmoryTest in 4.271 seconds (JVM running for 4.966)
24-04-30.22:54:30.711 [main            ] INFO  StrategyArmoryTest     - 测试结果：true
24-04-30.22:54:30.716 [main            ] INFO  StrategyArmoryTest     - 测试结果：107 - 奖品ID值
24-04-30.22:55:25.861 [main            ] INFO  StrategyArmoryTest     - Starting StrategyArmoryTest using Java 1.8.0_391 on LAPTOP-78N42JA7 with PID 37624 (started by 12640 in D:\java\ideaproject\big-market-orm\big-market-app)
24-04-30.22:55:25.862 [main            ] INFO  StrategyArmoryTest     - The following 1 profile is active: "dev"
24-04-30.22:55:26.458 [main            ] INFO  RepositoryConfigurationDelegate - Multiple Spring Data modules found, entering strict repository configuration mode
24-04-30.22:55:26.460 [main            ] INFO  RepositoryConfigurationDelegate - Bootstrapping Spring Data Redis repositories in DEFAULT mode.
24-04-30.22:55:26.484 [main            ] INFO  RepositoryConfigurationDelegate - Finished Spring Data repository scanning in 15 ms. Found 0 Redis repository interfaces.
24-04-30.22:55:27.909 [main            ] INFO  Version                - Redisson 3.23.4
24-04-30.22:55:28.581 [redisson-netty-2-4] INFO  MasterPubSubConnectionPool - 1 connections initialized for 127.0.0.1/127.0.0.1:16379
24-04-30.22:55:28.600 [redisson-netty-2-13] INFO  MasterConnectionPool   - 5 connections initialized for 127.0.0.1/127.0.0.1:16379
24-04-30.22:55:29.698 [main            ] INFO  EndpointLinksResolver  - Exposing 1 endpoint(s) beneath base path '/actuator'
24-04-30.22:55:29.832 [main            ] INFO  StrategyArmoryTest     - Started StrategyArmoryTest in 4.282 seconds (JVM running for 4.977)
24-04-30.22:55:30.001 [scheduling-1    ] INFO  UpdateAwardStockJob    - 定时任务，更新奖品消耗库存【延迟队列获取，降低对数据库的更新频次，不要产生竞争】
24-04-30.22:55:30.062 [main            ] INFO  StrategyArmoryTest     - 测试结果：true
24-04-30.22:55:30.066 [main            ] INFO  StrategyArmoryTest     - 测试结果：102 - 奖品ID值
24-04-30.22:56:15.354 [main            ] INFO  StrategyArmoryTest     - Starting StrategyArmoryTest using Java 1.8.0_391 on LAPTOP-78N42JA7 with PID 33708 (started by 12640 in D:\java\ideaproject\big-market-orm\big-market-app)
24-04-30.22:56:15.355 [main            ] INFO  StrategyArmoryTest     - The following 1 profile is active: "dev"
24-04-30.22:56:15.944 [main            ] INFO  RepositoryConfigurationDelegate - Multiple Spring Data modules found, entering strict repository configuration mode
24-04-30.22:56:15.946 [main            ] INFO  RepositoryConfigurationDelegate - Bootstrapping Spring Data Redis repositories in DEFAULT mode.
24-04-30.22:56:15.973 [main            ] INFO  RepositoryConfigurationDelegate - Finished Spring Data repository scanning in 17 ms. Found 0 Redis repository interfaces.
24-04-30.22:56:17.363 [main            ] INFO  Version                - Redisson 3.23.4
24-04-30.22:56:18.083 [redisson-netty-2-4] INFO  MasterPubSubConnectionPool - 1 connections initialized for 127.0.0.1/127.0.0.1:16379
24-04-30.22:56:18.100 [redisson-netty-2-13] INFO  MasterConnectionPool   - 5 connections initialized for 127.0.0.1/127.0.0.1:16379
24-04-30.22:56:19.214 [main            ] INFO  EndpointLinksResolver  - Exposing 1 endpoint(s) beneath base path '/actuator'
24-04-30.22:56:19.355 [main            ] INFO  StrategyArmoryTest     - Started StrategyArmoryTest in 4.315 seconds (JVM running for 5.047)
24-04-30.22:56:19.586 [main            ] INFO  StrategyArmoryTest     - 测试结果：true
24-04-30.22:56:19.592 [main            ] INFO  StrategyArmoryTest     - 测试结果：101 - 奖品ID值
24-04-30.22:56:28.395 [main            ] INFO  StrategyArmoryTest     - Starting StrategyArmoryTest using Java 1.8.0_391 on LAPTOP-78N42JA7 with PID 37056 (started by 12640 in D:\java\ideaproject\big-market-orm\big-market-app)
24-04-30.22:56:28.396 [main            ] INFO  StrategyArmoryTest     - The following 1 profile is active: "dev"
24-04-30.22:56:29.017 [main            ] INFO  RepositoryConfigurationDelegate - Multiple Spring Data modules found, entering strict repository configuration mode
24-04-30.22:56:29.020 [main            ] INFO  RepositoryConfigurationDelegate - Bootstrapping Spring Data Redis repositories in DEFAULT mode.
24-04-30.22:56:29.048 [main            ] INFO  RepositoryConfigurationDelegate - Finished Spring Data repository scanning in 18 ms. Found 0 Redis repository interfaces.
24-04-30.22:56:30.417 [main            ] INFO  Version                - Redisson 3.23.4
24-04-30.22:56:31.078 [redisson-netty-2-4] INFO  MasterPubSubConnectionPool - 1 connections initialized for 127.0.0.1/127.0.0.1:16379
24-04-30.22:56:31.108 [redisson-netty-2-13] INFO  MasterConnectionPool   - 5 connections initialized for 127.0.0.1/127.0.0.1:16379
24-04-30.22:56:32.329 [main            ] INFO  EndpointLinksResolver  - Exposing 1 endpoint(s) beneath base path '/actuator'
24-04-30.22:56:32.368 [main            ] INFO  StrategyArmoryTest     - Started StrategyArmoryTest in 4.349 seconds (JVM running for 5.08)
24-04-30.22:56:32.598 [main            ] INFO  StrategyArmoryTest     - 测试结果：true
24-04-30.22:56:32.603 [main            ] INFO  StrategyArmoryTest     - 测试结果：103 - 奖品ID值
